Content-Type: text/plain; charset="utf-8"
MIME-Version: 1.0
Content-Transfer-Encoding: 7bit
Subject: Subject here
From: from@example.com
To: to@example.com
Date: Mon, 31 Oct 2022 07:41:14 -0000
Message-ID: <166720207403.10172.10183368292353613602@DESKTOP-UMU59M8>

Here is the message.
-------------------------------------------------------------------------------
Content-Type: text/plain; charset="utf-8"
MIME-Version: 1.0
Content-Transfer-Encoding: 7bit
Subject: Subject here
From: from@example.com
To: to@example.com
Date: Mon, 31 Oct 2022 07:41:14 -0000
Message-ID: <166720207412.10172.6590417339359926724@DESKTOP-UMU59M8>

Here is the message.
-------------------------------------------------------------------------------
Content-Type: text/plain; charset="utf-8"
MIME-Version: 1.0
Content-Transfer-Encoding: 7bit
Subject: Subject here
From: from@example.com
To: to@example.com
Date: Mon, 31 Oct 2022 07:41:14 -0000
Message-ID: <166720207413.10172.1517116334012916813@DESKTOP-UMU59M8>

Here is the message.
-------------------------------------------------------------------------------
Content-Type: text/plain; charset="utf-8"
MIME-Version: 1.0
Content-Transfer-Encoding: 7bit
Subject: Subject here
From: from@example.com
To: to@example.com
Date: Mon, 31 Oct 2022 07:41:14 -0000
Message-ID: <166720207413.10172.7727415020149321860@DESKTOP-UMU59M8>

Here is the message.
-------------------------------------------------------------------------------
Content-Type: text/plain; charset="utf-8"
MIME-Version: 1.0
Content-Transfer-Encoding: 7bit
Subject: Subject here
From: from@example.com
To: to@example.com
Date: Mon, 31 Oct 2022 07:41:14 -0000
Message-ID: <166720207415.10172.15245016533921618424@DESKTOP-UMU59M8>

Here is the message.
-------------------------------------------------------------------------------
Content-Type: text/plain; charset="utf-8"
MIME-Version: 1.0
Content-Transfer-Encoding: 7bit
Subject: Subject here
From: from@example.com
To: to@example.com
Date: Mon, 31 Oct 2022 07:41:14 -0000
Message-ID: <166720207416.10172.13007923248363146843@DESKTOP-UMU59M8>

Here is the message.
-------------------------------------------------------------------------------
