Content-Type: text/plain; charset="utf-8"
MIME-Version: 1.0
Content-Transfer-Encoding: 7bit
Subject: Subject here
From: from@example.com
To: to@example.com
Date: Mon, 31 Oct 2022 07:41:14 -0000
Message-ID: <166720207411.10172.5238951166860651438@DESKTOP-UMU59M8>

Here is the message.
-------------------------------------------------------------------------------
Content-Type: text/plain; charset="utf-8"
MIME-Version: 1.0
Content-Transfer-Encoding: 7bit
Subject: Subject here
From: from@example.com
To: to@example.com
Date: Mon, 31 Oct 2022 07:41:14 -0000
Message-ID: <166720207415.10172.5132171905065743236@DESKTOP-UMU59M8>

Here is the message.
-------------------------------------------------------------------------------
