Content-Type: text/plain; charset="utf-8"
MIME-Version: 1.0
Content-Transfer-Encoding: 7bit
Subject: Subject here
From: from@example.com
To: to@example.com
Date: Mon, 31 Oct 2022 07:41:14 -0000
Message-ID: <166720207403.10172.8986737449097331338@DESKTOP-UMU59M8>

Here is the message.
-------------------------------------------------------------------------------
Content-Type: text/plain; charset="utf-8"
MIME-Version: 1.0
Content-Transfer-Encoding: 7bit
Subject: Subject here
From: from@example.com
To: to@example.com
Date: Mon, 31 Oct 2022 07:41:14 -0000
Message-ID: <166720207404.10172.9830193567515812127@DESKTOP-UMU59M8>

Here is the message.
-------------------------------------------------------------------------------
Content-Type: text/plain; charset="utf-8"
MIME-Version: 1.0
Content-Transfer-Encoding: 7bit
Subject: Subject here
From: from@example.com
To: to@example.com
Date: Mon, 31 Oct 2022 07:41:14 -0000
Message-ID: <166720207405.10172.4450789980574735890@DESKTOP-UMU59M8>

Here is the message.
-------------------------------------------------------------------------------
Content-Type: text/plain; charset="utf-8"
MIME-Version: 1.0
Content-Transfer-Encoding: 7bit
Subject: Subject here
From: from@example.com
To: to@example.com
Date: Mon, 31 Oct 2022 07:41:14 -0000
Message-ID: <166720207405.10172.14326136857585499703@DESKTOP-UMU59M8>

Here is the message.
-------------------------------------------------------------------------------
Content-Type: text/plain; charset="utf-8"
MIME-Version: 1.0
Content-Transfer-Encoding: 7bit
Subject: Subject here
From: from@example.com
To: to@example.com
Date: Mon, 31 Oct 2022 07:41:14 -0000
Message-ID: <166720207406.10172.17911766955446931561@DESKTOP-UMU59M8>

Here is the message.
-------------------------------------------------------------------------------
Content-Type: text/plain; charset="utf-8"
MIME-Version: 1.0
Content-Transfer-Encoding: 7bit
Subject: Subject here
From: from@example.com
To: to@example.com
Date: Mon, 31 Oct 2022 07:41:14 -0000
Message-ID: <166720207407.10172.11958785112278592343@DESKTOP-UMU59M8>

Here is the message.
-------------------------------------------------------------------------------
Content-Type: text/plain; charset="utf-8"
MIME-Version: 1.0
Content-Transfer-Encoding: 7bit
Subject: Subject here
From: from@example.com
To: to@example.com
Date: Mon, 31 Oct 2022 07:41:14 -0000
Message-ID: <166720207407.10172.6637722065576575082@DESKTOP-UMU59M8>

Here is the message.
-------------------------------------------------------------------------------
Content-Type: text/plain; charset="utf-8"
MIME-Version: 1.0
Content-Transfer-Encoding: 7bit
Subject: Subject here
From: from@example.com
To: to@example.com
Date: Mon, 31 Oct 2022 07:41:14 -0000
Message-ID: <166720207408.10172.8410035460797173127@DESKTOP-UMU59M8>

Here is the message.
-------------------------------------------------------------------------------
Content-Type: text/plain; charset="utf-8"
MIME-Version: 1.0
Content-Transfer-Encoding: 7bit
Subject: Subject here
From: from@example.com
To: to@example.com
Date: Mon, 31 Oct 2022 07:41:14 -0000
Message-ID: <166720207408.10172.17422074262711994705@DESKTOP-UMU59M8>

Here is the message.
-------------------------------------------------------------------------------
Content-Type: text/plain; charset="utf-8"
MIME-Version: 1.0
Content-Transfer-Encoding: 7bit
Subject: Subject here
From: from@example.com
To: to@example.com
Date: Mon, 31 Oct 2022 07:41:14 -0000
Message-ID: <166720207409.10172.1151473665951619260@DESKTOP-UMU59M8>

Here is the message.
-------------------------------------------------------------------------------
Content-Type: text/plain; charset="utf-8"
MIME-Version: 1.0
Content-Transfer-Encoding: 7bit
Subject: Subject here
From: from@example.com
To: to@example.com
Date: Mon, 31 Oct 2022 07:41:14 -0000
Message-ID: <166720207410.10172.6139205026841579937@DESKTOP-UMU59M8>

Here is the message.
-------------------------------------------------------------------------------
Content-Type: text/plain; charset="utf-8"
MIME-Version: 1.0
Content-Transfer-Encoding: 7bit
Subject: Subject here
From: from@example.com
To: to@example.com
Date: Mon, 31 Oct 2022 07:41:14 -0000
Message-ID: <166720207411.10172.11662945523941581780@DESKTOP-UMU59M8>

Here is the message.
-------------------------------------------------------------------------------
Content-Type: text/plain; charset="utf-8"
MIME-Version: 1.0
Content-Transfer-Encoding: 7bit
Subject: Subject here
From: from@example.com
To: to@example.com
Date: Mon, 31 Oct 2022 07:41:14 -0000
Message-ID: <166720207414.10172.6265579379637361596@DESKTOP-UMU59M8>

Here is the message.
-------------------------------------------------------------------------------
Content-Type: text/plain; charset="utf-8"
MIME-Version: 1.0
Content-Transfer-Encoding: 7bit
Subject: Subject here
From: from@example.com
To: to@example.com
Date: Mon, 31 Oct 2022 07:41:14 -0000
Message-ID: <166720207419.10172.13719923509856448760@DESKTOP-UMU59M8>

Here is the message.
-------------------------------------------------------------------------------
